C:\USERS\JENNIE\DOCUMENTS\VISUAL STUDIO 2012\PROJECTS\RATSNESTPROJECT\RATSNESTPROJECT\DEBUG\MAZE.OBJ
C:\USERS\JENNIE\DOCUMENTS\VISUAL STUDIO 2012\PROJECTS\RATSNESTPROJECT\RATSNESTPROJECT\DEBUG\POSITION.OBJ
C:\USERS\JENNIE\DOCUMENTS\VISUAL STUDIO 2012\PROJECTS\RATSNESTPROJECT\RATSNESTPROJECT\DEBUG\RATSNEST.OBJ
C:\USERS\JENNIE\DOCUMENTS\VISUAL STUDIO 2012\PROJECTS\RATSNESTPROJECT\RATSNESTPROJECT\DEBUG\VC110.PDB
C:\USERS\JENNIE\DOCUMENTS\VISUAL STUDIO 2012\PROJECTS\RATSNESTPROJECT\DEBUG\RATSNESTPROJECT.ILK
C:\USERS\JENNIE\DOCUMENTS\VISUAL STUDIO 2012\PROJECTS\RATSNESTPROJECT\DEBUG\RATSNESTPROJECT.EXE
C:\USERS\JENNIE\DOCUMENTS\VISUAL STUDIO 2012\PROJECTS\RATSNESTPROJECT\DEBUG\RATSNESTPROJECT.PDB
C:\Users\Jennie\Documents\Visual Studio 2012\Projects\RatsNestProject\RatsNestProject\Debug\Maze.obj
C:\Users\Jennie\Documents\Visual Studio 2012\Projects\RatsNestProject\RatsNestProject\Debug\Position.obj
C:\Users\Jennie\Documents\Visual Studio 2012\Projects\RatsNestProject\RatsNestProject\Debug\RatsNest.obj
C:\Users\Jennie\Documents\Visual Studio 2012\Projects\RatsNestProject\RatsNestProject\Debug\cl.command.1.tlog
C:\Users\Jennie\Documents\Visual Studio 2012\Projects\RatsNestProject\RatsNestProject\Debug\CL.read.1.tlog
C:\Users\Jennie\Documents\Visual Studio 2012\Projects\RatsNestProject\RatsNestProject\Debug\CL.write.1.tlog
C:\Users\Jennie\Documents\Visual Studio 2012\Projects\RatsNestProject\RatsNestProject\Debug\link-cvtres.read.1.tlog
C:\Users\Jennie\Documents\Visual Studio 2012\Projects\RatsNestProject\RatsNestProject\Debug\link-cvtres.write.1.tlog
C:\Users\Jennie\Documents\Visual Studio 2012\Projects\RatsNestProject\RatsNestProject\Debug\link-rc.read.1.tlog
C:\Users\Jennie\Documents\Visual Studio 2012\Projects\RatsNestProject\RatsNestProject\Debug\link-rc.write.1.tlog
C:\Users\Jennie\Documents\Visual Studio 2012\Projects\RatsNestProject\RatsNestProject\Debug\link.command.1.tlog
C:\Users\Jennie\Documents\Visual Studio 2012\Projects\RatsNestProject\RatsNestProject\Debug\link.read.1.tlog
C:\Users\Jennie\Documents\Visual Studio 2012\Projects\RatsNestProject\RatsNestProject\Debug\link.write.1.tlog
C:\Users\Jennie\Documents\Visual Studio 2012\Projects\RatsNestProject\RatsNestProject\Debug\vc110.idb
C:\Users\Jennie\Documents\Visual Studio 2012\Projects\RatsNestProject\RatsNestProject\Debug\vc110.pdb
C:\Users\Jennie\Documents\Visual Studio 2012\Projects\RatsNestProject\Debug\RatsNestProject.pdb
C:\Users\Jennie\Documents\Visual Studio 2012\Projects\RatsNestProject\Debug\RatsNestProject.exe
C:\Users\Jennie\Documents\Visual Studio 2012\Projects\RatsNestProject\Debug\RatsNestProject.ilk
